0 info it worked if it ends with ok
1 verbose cli [ 'C:\\Program Files\\nodejs\\\\node.exe',
1 verbose cli   'C:\\Program Files\\nodejs\\node_modules\\npm\\bin\\npm-cli.js',
1 verbose cli   'run',
1 verbose cli   'example' ]
2 info using npm@1.4.28
3 info using node@v0.10.36
4 verbose node symlink C:\Program Files\nodejs\\node.exe
5 verbose run-script [ 'preexample', 'example', 'postexample' ]
6 info preexample plovr@1.0.0
7 info example plovr@1.0.0
8 verbose unsafe-perm in lifecycle true
9 info plovr@1.0.0 Failed to exec example script
10 error plovr@1.0.0 example: `npm plovr`
10 error Exit status 1
11 error Failed at the plovr@1.0.0 example script.
11 error This is most likely a problem with the plovr package,
11 error not with npm itself.
11 error Tell the author that this fails on your system:
11 error     npm plovr
11 error You can get their info via:
11 error     npm owner ls plovr
11 error There is likely additional logging output above.
12 error System Windows_NT 6.2.9200
13 error command "C:\\Program Files\\nodejs\\\\node.exe" "C:\\Program Files\\nodejs\\node_modules\\npm\\bin\\npm-cli.js" "run" "example"
14 error cwd C:\projects\node-plovr
15 error node -v v0.10.36
16 error npm -v 1.4.28
17 error code ELIFECYCLE
18 verbose exit [ 1, true ]
